<?xml version="1.0" encoding="UTF-8"?>
<!-- Generated by org.testng.reporters.JUnitXMLReporter -->
<testsuite ignored="0" hostname="Nikhils-MacBook-Air.local" failures="0" tests="3" name="Test" time="0.087" errors="0" timestamp="2023-08-31T00:19:29 IST">
  <testcase classname="com.actitime.Customermodule" name="createcustomer" time="0.008"/>
  <testcase classname="com.actitime.Customermodule" name="deletecustomer" time="0.002"/>
  <testcase classname="com.actitime.Customermodule" name="modifycustomer" time="0.002"/>
</testsuite> <!-- Test -->
