<?xml version="1.0" encoding="UTF-8"?>
<!-- Generated by org.testng.reporters.JUnitXMLReporter -->
<testsuite ignored="0" hostname="Nikhils-MacBook-Air.local" failures="0" tests="3" name="Default test" time="0.091" errors="0" timestamp="2023-08-31T15:57:20 IST">
  <testcase classname="com.actitime.Customermodule" name="createcustomer" time="0.007"/>
  <testcase classname="com.actitime.Customermodule" name="deletecustomer" time="0.003"/>
  <testcase classname="com.actitime.Customermodule" name="modifycustomer" time="0.001"/>
</testsuite> <!-- Default test -->
