<?xml version="1.0" encoding="UTF-8"?>
<testng-results ignored="0" total="3" passed="3" failed="0" skipped="0">
  <reporter-output>
    <line>
      <![CDATA[OB]]>
    </line>
    <line>
      <![CDATA[login]]>
    </line>
    <line>
      <![CDATA[Customermodule]]>
    </line>
    <line>
      <![CDATA[logout]]>
    </line>
    <line>
      <![CDATA[login]]>
    </line>
    <line>
      <![CDATA[deletecustomer]]>
    </line>
    <line>
      <![CDATA[logout]]>
    </line>
    <line>
      <![CDATA[login]]>
    </line>
    <line>
      <![CDATA[modifycustomer]]>
    </line>
    <line>
      <![CDATA[logout]]>
    </line>
    <line>
      <![CDATA[CB]]>
    </line>
  </reporter-output>
  <suite started-at="2023-08-31T15:57:20 IST" name="Default suite" finished-at="2023-08-31T15:57:20 IST" duration-ms="91">
    <groups>
    </groups>
    <test started-at="2023-08-31T15:57:20 IST" name="Default test" finished-at="2023-08-31T15:57:20 IST" duration-ms="91">
      <class name="com.actitime.Customermodule">
        <test-method is-config="true" signature="openBrowser()[pri:0, instance:com.actitime.Customermodule@792b749c]" started-at="2023-08-31T15:57:20 IST" name="openBrowser" finished-at="2023-08-31T15:57:20 IST" duration-ms="19" status="PASS">
          <reporter-output>
            <line>
              <![CDATA[OB]]>
            </line>
          </reporter-output>
        </test-method> <!-- openBrowser -->
        <test-method is-config="true" signature="login()[pri:0, instance:com.actitime.Customermodule@792b749c]" started-at="2023-08-31T15:57:20 IST" name="login" finished-at="2023-08-31T15:57:20 IST" duration-ms="1" status="PASS">
          <reporter-output>
            <line>
              <![CDATA[login]]>
            </line>
          </reporter-output>
        </test-method> <!-- login -->
        <test-method signature="createcustomer()[pri:0, instance:com.actitime.Customermodule@792b749c]" started-at="2023-08-31T15:57:20 IST" name="createcustomer" finished-at="2023-08-31T15:57:20 IST" duration-ms="7" status="PASS">
          <reporter-output>
            <line>
              <![CDATA[Customermodule]]>
            </line>
          </reporter-output>
        </test-method> <!-- createcustomer -->
        <test-method is-config="true" signature="logout()[pri:0, instance:com.actitime.Customermodule@792b749c]" started-at="2023-08-31T15:57:20 IST" name="logout" finished-at="2023-08-31T15:57:20 IST" duration-ms="1" status="PASS">
          <reporter-output>
            <line>
              <![CDATA[logout]]>
            </line>
          </reporter-output>
        </test-method> <!-- logout -->
        <test-method is-config="true" signature="login()[pri:0, instance:com.actitime.Customermodule@792b749c]" started-at="2023-08-31T15:57:20 IST" name="login" finished-at="2023-08-31T15:57:20 IST" duration-ms="1" status="PASS">
          <reporter-output>
            <line>
              <![CDATA[login]]>
            </line>
          </reporter-output>
        </test-method> <!-- login -->
        <test-method signature="deletecustomer()[pri:0, instance:com.actitime.Customermodule@792b749c]" started-at="2023-08-31T15:57:20 IST" name="deletecustomer" finished-at="2023-08-31T15:57:20 IST" duration-ms="3" status="PASS">
          <reporter-output>
            <line>
              <![CDATA[deletecustomer]]>
            </line>
          </reporter-output>
        </test-method> <!-- deletecustomer -->
        <test-method is-config="true" signature="logout()[pri:0, instance:com.actitime.Customermodule@792b749c]" started-at="2023-08-31T15:57:20 IST" name="logout" finished-at="2023-08-31T15:57:20 IST" duration-ms="1" status="PASS">
          <reporter-output>
            <line>
              <![CDATA[logout]]>
            </line>
          </reporter-output>
        </test-method> <!-- logout -->
        <test-method is-config="true" signature="login()[pri:0, instance:com.actitime.Customermodule@792b749c]" started-at="2023-08-31T15:57:20 IST" name="login" finished-at="2023-08-31T15:57:20 IST" duration-ms="1" status="PASS">
          <reporter-output>
            <line>
              <![CDATA[login]]>
            </line>
          </reporter-output>
        </test-method> <!-- login -->
        <test-method signature="modifycustomer()[pri:0, instance:com.actitime.Customermodule@792b749c]" started-at="2023-08-31T15:57:20 IST" name="modifycustomer" finished-at="2023-08-31T15:57:20 IST" duration-ms="1" status="PASS">
          <reporter-output>
            <line>
              <![CDATA[modifycustomer]]>
            </line>
          </reporter-output>
        </test-method> <!-- modifycustomer -->
        <test-method is-config="true" signature="logout()[pri:0, instance:com.actitime.Customermodule@792b749c]" started-at="2023-08-31T15:57:20 IST" name="logout" finished-at="2023-08-31T15:57:20 IST" duration-ms="1" status="PASS">
          <reporter-output>
            <line>
              <![CDATA[logout]]>
            </line>
          </reporter-output>
        </test-method> <!-- logout -->
        <test-method is-config="true" signature="closeBrowser()[pri:0, instance:com.actitime.Customermodule@792b749c]" started-at="2023-08-31T15:57:20 IST" name="closeBrowser" finished-at="2023-08-31T15:57:20 IST" duration-ms="1" status="PASS">
          <reporter-output>
            <line>
              <![CDATA[CB]]>
            </line>
          </reporter-output>
        </test-method> <!-- closeBrowser -->
      </class> <!-- com.actitime.Customermodule -->
    </test> <!-- Default test -->
  </suite> <!-- Default suite -->
</testng-results>
